<?xml version="1.0" encoding="UTF-8"?>
<!-- Generated by org.testng.reporters.JUnitReportReporter -->
<testsuite skipped="0" hostname="ebby" name="Pages.P3" tests="5" failures="0" timestamp="05 Apr 2018 16:35:17 GMT" time="0.006" errors="0">
  <testcase name="p3test5" time="0.001" classname="Pages.P3"/>
  <testcase name="p3test3" time="0.002" classname="Pages.P3"/>
  <testcase name="p3test1" time="0.001" classname="Pages.P3"/>
  <testcase name="p3test2" time="0.001" classname="Pages.P3"/>
  <testcase name="p3test4" time="0.001" classname="Pages.P3"/>
</testsuite> <!-- Pages.P3 -->
