<?xml version="1.0" encoding="UTF-8"?>
<!-- Generated by org.testng.reporters.JUnitReportReporter -->
<testsuite skipped="0" hostname="ebby" name="Pages.P1" tests="5" failures="0" timestamp="05 Apr 2018 19:46:51 GMT" time="0.000" errors="0">
  <testcase name="p1test5" time="0.000" classname="Pages.P1"/>
  <testcase name="p1test1" time="0.000" classname="Pages.P1"/>
  <testcase name="p1test4" time="0.000" classname="Pages.P1"/>
  <testcase name="p1test3" time="0.000" classname="Pages.P1"/>
  <testcase name="p1test2" time="0.000" classname="Pages.P1"/>
</testsuite> <!-- Pages.P1 -->
