<?xml version="1.0" encoding="UTF-8"?>
<!-- Generated by org.testng.reporters.JUnitReportReporter -->
<testsuite skipped="0" hostname="ebby" name="Pages.P2" tests="5" failures="0" timestamp="05 Apr 2018 19:46:51 GMT" time="0.006" errors="0">
  <testcase name="p2test4" time="0.000" classname="Pages.P2"/>
  <testcase name="p2test2" time="0.000" classname="Pages.P2"/>
  <testcase name="p2test5" time="0.000" classname="Pages.P2"/>
  <testcase name="p2test1" time="0.006" classname="Pages.P2"/>
  <testcase name="p2test3" time="0.000" classname="Pages.P2"/>
</testsuite> <!-- Pages.P2 -->
